<?xml version="1.0" encoding="UTF-8"?>
<!-- Generated by org.testng.reporters.JUnitXMLReporter -->
<testsuite ignored="0" hostname="bcedbeeced305226492baaaccbaafebfatwo-0" failures="0" tests="3" name="Surefire test" time="37.123" errors="0" timestamp="2023-09-18T22:19:49 UTC">
  <testcase classname="runner.Testcase1" name="TC_001" time="6.849"/>
  <testcase classname="runner.Testcase1" name="TC_002" time="10.609"/>
  <testcase classname="runner.Testcase1" name="TC_003" time="11.175"/>
</testsuite> <!-- Surefire test -->
