<?xml version="1.0" encoding="UTF-8"?>
<testng-results ignored="0" total="3" passed="3" failed="0" skipped="0">
  <reporter-output>
  </reporter-output>
  <suite started-at="2023-09-18T22:20:01 UTC" name="Surefire suite" finished-at="2023-09-18T22:20:38 UTC" duration-ms="36906">
    <groups>
    </groups>
    <test started-at="2023-09-18T22:20:01 UTC" name="Surefire test" finished-at="2023-09-18T22:20:38 UTC" duration-ms="36906">
      <class name="runner.Testcase1">
        <test-method is-config="true" signature="beforeMethod()[pri:0, instance:runner.Testcase1@20140db9]" started-at="2023-09-18T22:20:01 UTC" name="beforeMethod" finished-at="2023-09-18T22:20:04 UTC" duration-ms="3175" status="PASS">
          <reporter-output>
          </reporter-output>
        </test-method> <!-- beforeMethod -->
        <test-method signature="TC_001()[pri:1, instance:runner.Testcase1@20140db9]" started-at="2023-09-18T22:20:04 UTC" name="TC_001" finished-at="2023-09-18T22:20:12 UTC" duration-ms="7092" status="PASS">
          <reporter-output>
          </reporter-output>
        </test-method> <!-- TC_001 -->
        <test-method is-config="true" signature="afterMethod()[pri:0, instance:runner.Testcase1@20140db9]" started-at="2023-09-18T22:20:12 UTC" name="afterMethod" finished-at="2023-09-18T22:20:12 UTC" duration-ms="342" status="PASS">
          <reporter-output>
          </reporter-output>
        </test-method> <!-- afterMethod -->
        <test-method is-config="true" signature="beforeMethod()[pri:0, instance:runner.Testcase1@20140db9]" started-at="2023-09-18T22:20:12 UTC" name="beforeMethod" finished-at="2023-09-18T22:20:14 UTC" duration-ms="2153" status="PASS">
          <reporter-output>
          </reporter-output>
        </test-method> <!-- beforeMethod -->
        <test-method signature="TC_002()[pri:2, instance:runner.Testcase1@20140db9]" started-at="2023-09-18T22:20:14 UTC" name="TC_002" finished-at="2023-09-18T22:20:25 UTC" duration-ms="10617" status="PASS">
          <reporter-output>
          </reporter-output>
        </test-method> <!-- TC_002 -->
        <test-method is-config="true" signature="afterMethod()[pri:0, instance:runner.Testcase1@20140db9]" started-at="2023-09-18T22:20:25 UTC" name="afterMethod" finished-at="2023-09-18T22:20:25 UTC" duration-ms="142" status="PASS">
          <reporter-output>
          </reporter-output>
        </test-method> <!-- afterMethod -->
        <test-method is-config="true" signature="beforeMethod()[pri:0, instance:runner.Testcase1@20140db9]" started-at="2023-09-18T22:20:25 UTC" name="beforeMethod" finished-at="2023-09-18T22:20:27 UTC" duration-ms="2252" status="PASS">
          <reporter-output>
          </reporter-output>
        </test-method> <!-- beforeMethod -->
        <test-method signature="TC_003()[pri:3, instance:runner.Testcase1@20140db9]" started-at="2023-09-18T22:20:27 UTC" name="TC_003" finished-at="2023-09-18T22:20:38 UTC" duration-ms="10927" status="PASS">
          <reporter-output>
          </reporter-output>
        </test-method> <!-- TC_003 -->
        <test-method is-config="true" signature="afterMethod()[pri:0, instance:runner.Testcase1@20140db9]" started-at="2023-09-18T22:20:38 UTC" name="afterMethod" finished-at="2023-09-18T22:20:38 UTC" duration-ms="154" status="PASS">
          <reporter-output>
          </reporter-output>
        </test-method> <!-- afterMethod -->
      </class> <!-- runner.Testcase1 -->
    </test> <!-- Surefire test -->
  </suite> <!-- Surefire suite -->
</testng-results>
